[debug] [2021-12-19T08:38:37.331Z] ----------------------------------------------------------------------
[debug] [2021-12-19T08:38:37.334Z] Command:       C:\Program Files\nodejs\node.exe C:\Program Files\nodejs\node_modules\firebase-tools\lib\bin\firebase.js init
[debug] [2021-12-19T08:38:37.335Z] CLI Version:   9.23.3
[debug] [2021-12-19T08:38:37.335Z] Platform:      win32
[debug] [2021-12-19T08:38:37.335Z] Node Version:  v16.5.0
[debug] [2021-12-19T08:38:37.337Z] Time:          Sun Dec 19 2021 14:08:37 GMT+0530 (India Standard Time)
[debug] [2021-12-19T08:38:37.338Z] ----------------------------------------------------------------------
[debug] 
[debug] [2021-12-19T08:38:37.451Z] > command requires scopes: ["email","openid","https://www.googleapis.com/auth/cloudplatformprojects.readonly","https://www.googleapis.com/auth/firebase","https://www.googleapis.com/auth/cloud-platform"]
[debug] [2021-12-19T08:38:37.451Z] > authorizing via signed-in user (ashu199828@gmail.com)
[info] 
     ######## #### ########  ######## ########     ###     ######  ########
     ##        ##  ##     ## ##       ##     ##  ##   ##  ##       ##
     ######    ##  ########  ######   ########  #########  ######  ######
     ##        ##  ##    ##  ##       ##     ## ##     ##       ## ##
     ##       #### ##     ## ######## ########  ##     ##  ######  ########

You're about to initialize a Firebase project in this directory:

  D:\React\repo-improv-main\repo-improv-main

Before we get started, keep in mind:

  * You are initializing within an existing Firebase project directory

[info] 
=== Project Setup
[info] 
[info] First, let's associate this project directory with a Firebase project.
[info] You can create multiple project aliases by running firebase use --add, 
[info] but for now we'll just set up a default project.
[info] 
[info] i  .firebaserc already has a default project, using oauth-app-3e936. 
[debug] [2021-12-19T08:39:01.755Z] >>> [apiv2][query] GET https://firebase.googleapis.com/v1beta1/projects/oauth-app-3e936 [none]
[debug] [2021-12-19T08:39:03.337Z] <<< [apiv2][status] GET https://firebase.googleapis.com/v1beta1/projects/oauth-app-3e936 403
[debug] [2021-12-19T08:39:03.337Z] <<< [apiv2][body] GET https://firebase.googleapis.com/v1beta1/projects/oauth-app-3e936 {"error":{"code":403,"message":"The caller does not have permission","status":"PERMISSION_DENIED"}}
[debug] [2021-12-19T08:39:03.338Z] HTTP Error: 403, The caller does not have permission
[debug] [2021-12-19T08:39:04.145Z] FirebaseError: HTTP Error: 403, The caller does not have permission
    at module.exports (C:\Users\ashu1\AppData\Roaming\nvm\v16.5.0\node_modules\firebase-tools\lib\responseToError.js:38:12)
    at Client.doRequest (C:\Users\ashu1\AppData\Roaming\nvm\v16.5.0\node_modules\firebase-tools\lib\apiv2.js:241:23)
    at processTicksAndRejections (node:internal/process/task_queues:96:5)
    at async Client.request (C:\Users\ashu1\AppData\Roaming\nvm\v16.5.0\node_modules\firebase-tools\lib\apiv2.js:96:20)
    at async Object.getFirebaseProject (C:\Users\ashu1\AppData\Roaming\nvm\v16.5.0\node_modules\firebase-tools\lib\management\projects.js:290:21)
    at async Object.doSetup [as project] (C:\Users\ashu1\AppData\Roaming\nvm\v16.5.0\node_modules\firebase-tools\lib\init\features\project.js:77:27)
    at async init (C:\Users\ashu1\AppData\Roaming\nvm\v16.5.0\node_modules\firebase-tools\lib\init\index.js:19:9)
[error] 
[error] Error: Failed to get Firebase project oauth-app-3e936. Please make sure the project exists and your account has permission to access it.
[debug] [2021-12-19T08:41:19.769Z] ----------------------------------------------------------------------
[debug] [2021-12-19T08:41:19.773Z] Command:       C:\Program Files\nodejs\node.exe C:\Program Files\nodejs\node_modules\firebase-tools\lib\bin\firebase.js init
[debug] [2021-12-19T08:41:19.774Z] CLI Version:   9.23.3
[debug] [2021-12-19T08:41:19.774Z] Platform:      win32
[debug] [2021-12-19T08:41:19.774Z] Node Version:  v16.5.0
[debug] [2021-12-19T08:41:19.776Z] Time:          Sun Dec 19 2021 14:11:19 GMT+0530 (India Standard Time)
[debug] [2021-12-19T08:41:19.776Z] ----------------------------------------------------------------------
[debug] 
[debug] [2021-12-19T08:41:19.897Z] > command requires scopes: ["email","openid","https://www.googleapis.com/auth/cloudplatformprojects.readonly","https://www.googleapis.com/auth/firebase","https://www.googleapis.com/auth/cloud-platform"]
[debug] [2021-12-19T08:41:19.898Z] > authorizing via signed-in user (ashu199828@gmail.com)
[info] 
     ######## #### ########  ######## ########     ###     ######  ########
     ##        ##  ##     ## ##       ##     ##  ##   ##  ##       ##
     ######    ##  ########  ######   ########  #########  ######  ######
     ##        ##  ##    ##  ##       ##     ## ##     ##       ## ##
     ##       #### ##     ## ######## ########  ##     ##  ######  ########

You're about to initialize a Firebase project in this directory:

  D:\React\repo-improv-main\repo-improv-main

Before we get started, keep in mind:

  * You are initializing within an existing Firebase project directory

[info] 
=== Project Setup
[info] 
[info] First, let's associate this project directory with a Firebase project.
[info] You can create multiple project aliases by running firebase use --add, 
[info] but for now we'll just set up a default project.
[info] 
[info] i  .firebaserc already has a default project, using oauth-app-3e936. 
[debug] [2021-12-19T08:41:30.006Z] >>> [apiv2][query] GET https://firebase.googleapis.com/v1beta1/projects/oauth-app-3e936 [none]
[debug] [2021-12-19T08:41:31.307Z] <<< [apiv2][status] GET https://firebase.googleapis.com/v1beta1/projects/oauth-app-3e936 403
[debug] [2021-12-19T08:41:31.308Z] <<< [apiv2][body] GET https://firebase.googleapis.com/v1beta1/projects/oauth-app-3e936 {"error":{"code":403,"message":"The caller does not have permission","status":"PERMISSION_DENIED"}}
[debug] [2021-12-19T08:41:31.308Z] HTTP Error: 403, The caller does not have permission
[debug] [2021-12-19T08:41:32.217Z] FirebaseError: HTTP Error: 403, The caller does not have permission
    at module.exports (C:\Users\ashu1\AppData\Roaming\nvm\v16.5.0\node_modules\firebase-tools\lib\responseToError.js:38:12)
    at Client.doRequest (C:\Users\ashu1\AppData\Roaming\nvm\v16.5.0\node_modules\firebase-tools\lib\apiv2.js:241:23)
    at processTicksAndRejections (node:internal/process/task_queues:96:5)
    at async Client.request (C:\Users\ashu1\AppData\Roaming\nvm\v16.5.0\node_modules\firebase-tools\lib\apiv2.js:96:20)
    at async Object.getFirebaseProject (C:\Users\ashu1\AppData\Roaming\nvm\v16.5.0\node_modules\firebase-tools\lib\management\projects.js:290:21)
    at async Object.doSetup [as project] (C:\Users\ashu1\AppData\Roaming\nvm\v16.5.0\node_modules\firebase-tools\lib\init\features\project.js:77:27)
    at async init (C:\Users\ashu1\AppData\Roaming\nvm\v16.5.0\node_modules\firebase-tools\lib\init\index.js:19:9)
[error] 
[error] Error: Failed to get Firebase project oauth-app-3e936. Please make sure the project exists and your account has permission to access it.
[debug] [2021-12-19T08:42:53.232Z] ----------------------------------------------------------------------
[debug] [2021-12-19T08:42:53.237Z] Command:       C:\Program Files\nodejs\node.exe C:\Program Files\nodejs\node_modules\firebase-tools\lib\bin\firebase.js init
[debug] [2021-12-19T08:42:53.238Z] CLI Version:   9.23.3
[debug] [2021-12-19T08:42:53.239Z] Platform:      win32
[debug] [2021-12-19T08:42:53.239Z] Node Version:  v16.5.0
[debug] [2021-12-19T08:42:53.241Z] Time:          Sun Dec 19 2021 14:12:53 GMT+0530 (India Standard Time)
[debug] [2021-12-19T08:42:53.241Z] ----------------------------------------------------------------------
[debug] 
[debug] [2021-12-19T08:42:53.266Z] > command requires scopes: ["email","openid","https://www.googleapis.com/auth/cloudplatformprojects.readonly","https://www.googleapis.com/auth/firebase","https://www.googleapis.com/auth/cloud-platform"]
[debug] [2021-12-19T08:42:53.267Z] > authorizing via signed-in user (ashu199828@gmail.com)
[info] 
     ######## #### ########  ######## ########     ###     ######  ########
     ##        ##  ##     ## ##       ##     ##  ##   ##  ##       ##
     ######    ##  ########  ######   ########  #########  ######  ######
     ##        ##  ##    ##  ##       ##     ## ##     ##       ## ##
     ##       #### ##     ## ######## ########  ##     ##  ######  ########

You're about to initialize a Firebase project in this directory:

  D:\React\repo-improv-main\repo-improv-main

[info] 
=== Project Setup
[info] 
[info] First, let's associate this project directory with a Firebase project.
[info] You can create multiple project aliases by running firebase use --add, 
[info] but for now we'll just set up a default project.
[info] 
[info] i  .firebaserc already has a default project, using new-project-14322. 
[debug] [2021-12-19T08:43:01.689Z] >>> [apiv2][query] GET https://firebase.googleapis.com/v1beta1/projects/new-project-14322 [none]
[debug] [2021-12-19T08:43:02.591Z] <<< [apiv2][status] GET https://firebase.googleapis.com/v1beta1/projects/new-project-14322 200
[debug] [2021-12-19T08:43:02.592Z] <<< [apiv2][body] GET https://firebase.googleapis.com/v1beta1/projects/new-project-14322 {"projectId":"new-project-14322","projectNumber":"833403576500","displayName":"new project","name":"projects/new-project-14322","resources":{"hostingSite":"new-project-14322"},"state":"ACTIVE"}
[info] 
=== Hosting Setup
[info] 
[info] Your public directory is the folder (relative to your project directory) that
[info] will contain Hosting assets to be uploaded with firebase deploy. If you
[info] have a build process for your assets, use your build's output directory.
[info] 
[info] +  Wrote build/404.html 
[debug] [2021-12-19T08:43:57.590Z] >>> [apiv2][query] GET https://www.gstatic.com/firebasejs/releases.json [none]
[debug] [2021-12-19T08:43:58.541Z] <<< [apiv2][status] GET https://www.gstatic.com/firebasejs/releases.json 200
[debug] [2021-12-19T08:43:58.541Z] <<< [apiv2][body] GET https://www.gstatic.com/firebasejs/releases.json {"current":{"version":"9.6.1","browserURL":"https://www.gstatic.com/firebasejs/9.6.1/firebase.js","packageURL":"https://www.gstatic.com/firebasejs/9.6.1/firebase.tgz"},"live":{"version":"9.6","browserURL":"https://www.gstatic.com/firebasejs/live/9.6/firebase.js","packageURL":"https://www.gstatic.com/firebasejs/live/9.6/firebase.tgz"},"components":{"analytics":"https://www.gstatic.com/firebasejs/9.6.1/firebase-analytics.js","app":"https://www.gstatic.com/firebasejs/9.6.1/firebase-app.js","app-check":"https://www.gstatic.com/firebasejs/9.6.1/firebase-app-check.js","auth":"https://www.gstatic.com/firebasejs/9.6.1/firebase-auth.js","auth/cordova":"https://www.gstatic.com/firebasejs/9.6.1/firebase-auth/cordova.js","auth/react-native":"https://www.gstatic.com/firebasejs/9.6.1/firebase-auth/react-native.js","functions":"https://www.gstatic.com/firebasejs/9.6.1/firebase-functions.js","firestore":"https://www.gstatic.com/firebasejs/9.6.1/firebase-firestore.js","firestore/lite":"https://www.gstatic.com/firebasejs/9.6.1/firebase-firestore/lite.js","storage":"https://www.gstatic.com/firebasejs/9.6.1/firebase-storage.js","performance":"https://www.gstatic.com/firebasejs/9.6.1/firebase-performance.js","remote-config":"https://www.gstatic.com/firebasejs/9.6.1/firebase-remote-config.js","messaging":"https://www.gstatic.com/firebasejs/9.6.1/firebase-messaging.js","messaging/sw":"https://www.gstatic.com/firebasejs/9.6.1/firebase-messaging/sw.js","database":"https://www.gstatic.com/firebasejs/9.6.1/firebase-database.js","firestore.memory":"https://www.gstatic.com/firebasejs/9.6.1/firebase-firestore.memory.js"}}
[info] i  Skipping write of build/index.html 
[info] 
[info] i  Detected a .git folder at D:\React\repo-improv-main\repo-improv-main 
[info] i  Authorizing with GitHub to upload your service account to a GitHub repository's secrets store. 
[info] 
[info] Visit this URL on this device to log in:
[info] https://github.com/login/oauth/authorize?client_id=89cf50f02ac6aaed3484&state=899841724&redirect_uri=http%3A%2F%2Flocalhost%3A9005&scope=read%3Auser%20repo%20public_repo
[info] 
[info] Waiting for authentication...
[debug] [2021-12-19T08:44:19.383Z] >>> HTTP REQUEST POST https://github.com/login/oauth/access_token  
 {"client_id":"89cf50f02ac6aaed3484","client_secret":"3330d14abc895d9a74d5f17cd7a00711fa2c5bf0","code":"800d55a817fa292cbe25","redirect_uri":"http://localhost:9005","state":"899841724"}
[debug] [2021-12-19T08:44:19.811Z] <<< HTTP RESPONSE 200 {"server":"GitHub.com","date":"Sun, 19 Dec 2021 08:44:32 GMT","content-type":"application/json; charset=utf-8","transfer-encoding":"chunked","vary":"X-PJAX, X-PJAX-Container, Accept-Encoding, Accept, X-Requested-With","permissions-policy":"interest-cohort=()","etag":"W/\"a098d284275d43aab1aaaecbf50068bf\"","cache-control":"max-age=0, private, must-revalidate","strict-transport-security":"max-age=31536000; includeSubdomains; preload","x-frame-options":"deny","x-content-type-options":"nosniff","x-xss-protection":"0","referrer-policy":"origin-when-cross-origin, strict-origin-when-cross-origin","expect-ct":"max-age=2592000, report-uri=\"https://api.github.com/_private/browser/errors\"","content-security-policy":"default-src 'none'; base-uri 'self'; block-all-mixed-content; child-src github.com/assets-cdn/worker/ gist.github.com/assets-cdn/worker/; connect-src 'self' uploads.github.com objects-origin.githubusercontent.com www.githubstatus.com collector.githubapp.com api.github.com github-cloud.s3.amazonaws.com github-production-repository-file-5c1aeb.s3.amazonaws.com github-production-upload-manifest-file-7fdce7.s3.amazonaws.com github-production-user-asset-6210df.s3.amazonaws.com cdn.optimizely.com logx.optimizely.com/v1/events translator.github.com wss://alive.github.com; font-src github.githubassets.com; form-action 'self' github.com gist.github.com objects-origin.githubusercontent.com; frame-ancestors 'none'; frame-src render.githubusercontent.com viewscreen.githubusercontent.com notebooks.githubusercontent.com; img-src 'self' data: github.githubassets.com identicons.github.com collector.githubapp.com github-cloud.s3.amazonaws.com secured-user-images.githubusercontent.com/ *.githubusercontent.com; manifest-src 'self'; media-src github.com user-images.githubusercontent.com/; script-src github.githubassets.com; style-src 'unsafe-inline' github.githubassets.com; worker-src github.com/assets-cdn/worker/ gist.github.com/assets-cdn/worker/","x-github-request-id":"D184:2791:1F49B0:2E01CF:61BEF0F0"}
[debug] [2021-12-19T08:44:19.837Z] >>> [apiv2][query] GET https://api.github.com/user [none]
[debug] [2021-12-19T08:44:20.215Z] <<< [apiv2][status] GET https://api.github.com/user 200
[debug] [2021-12-19T08:44:20.217Z] <<< [apiv2][body] GET https://api.github.com/user {"login":"ashu199828","id":93378896,"node_id":"U_kgDOBZDZUA","avatar_url":"https://avatars.githubusercontent.com/u/93378896?v=4","gravatar_id":"","url":"https://api.github.com/users/ashu199828","html_url":"https://github.com/ashu199828","followers_url":"https://api.github.com/users/ashu199828/followers","following_url":"https://api.github.com/users/ashu199828/following{/other_user}","gists_url":"https://api.github.com/users/ashu199828/gists{/gist_id}","starred_url":"https://api.github.com/users/ashu199828/starred{/owner}{/repo}","subscriptions_url":"https://api.github.com/users/ashu199828/subscriptions","organizations_url":"https://api.github.com/users/ashu199828/orgs","repos_url":"https://api.github.com/users/ashu199828/repos","events_url":"https://api.github.com/users/ashu199828/events{/privacy}","received_events_url":"https://api.github.com/users/ashu199828/received_events","type":"User","site_admin":false,"name":null,"company":null,"blog":"","location":null,"email":null,"hireable":null,"bio":null,"twitter_username":null,"public_repos":8,"public_gists":0,"followers":0,"following":0,"created_at":"2021-10-29T10:06:47Z","updated_at":"2021-12-18T16:18:30Z","private_gists":0,"total_private_repos":0,"owned_private_repos":0,"disk_usage":611,"collaborators":0,"two_factor_authentication":false,"plan":{"name":"free","space":976562499,"collaborators":0,"private_repos":10000}}
[info] 
[info] +  Success! Logged into GitHub as ashu199828 
[info] 
